running egg_info
creating ../../build/python_topic/python_topic.egg-info
writing manifest file '../../build/python_topic/python_topic.egg-info/SOURCES.txt'
writing manifest file '../../build/python_topic/python_topic.egg-info/SOURCES.txt'
running build
running build_py
creating /home/jszr/Software/Ros2/Topic/novel/build/python_topic/build
creating /home/jszr/Software/Ros2/Topic/novel/build/python_topic/build/lib
creating /home/jszr/Software/Ros2/Topic/novel/build/python_topic/build/lib/python_topic
copying python_topic/__init__.py -> /home/jszr/Software/Ros2/Topic/novel/build/python_topic/build/lib/python_topic
running install
running install_lib
creating /home/jszr/Software/Ros2/Topic/novel/install/python_topic/lib/python3.10/site-packages/python_topic
copying /home/jszr/Software/Ros2/Topic/novel/build/python_topic/build/lib/python_topic/__init__.py -> /home/jszr/Software/Ros2/Topic/novel/install/python_topic/lib/python3.10/site-packages/python_topic
byte-compiling /home/jszr/Software/Ros2/Topic/novel/install/python_topic/lib/python3.10/site-packages/python_topic/__init__.py to __init__.cpython-310.pyc
running install_data
creating /home/jszr/Software/Ros2/Topic/novel/install/python_topic/share/ament_index
creating /home/jszr/Software/Ros2/Topic/novel/install/python_topic/share/ament_index/resource_index
creating /home/jszr/Software/Ros2/Topic/novel/install/python_topic/share/ament_index/resource_index/packages
copying resource/python_topic -> /home/jszr/Software/Ros2/Topic/novel/install/python_topic/share/ament_index/resource_index/packages
copying package.xml -> /home/jszr/Software/Ros2/Topic/novel/install/python_topic/share/python_topic
running install_egg_info
Copying ../../build/python_topic/python_topic.egg-info to /home/jszr/Software/Ros2/Topic/novel/install/python_topic/lib/python3.10/site-packages/python_topic-0.0.0-py3.10.egg-info
running install_scripts
writing list of installed files to '/home/jszr/Software/Ros2/Topic/novel/build/python_topic/install.log'
