[0.406s] Invoking command in '/home/jszr/Software/Ros2/Topic/novel/src/python_topic': PYTHONPATH=/home/jszr/Software/Ros2/Topic/novel/build/python_topic/prefix_override:/usr/lib/python3/dist-packages/colcon_core/task/python/colcon_distutils_commands:/home/jszr/Software/Ros2/Topic/novel/install/python_topic/lib/python3.10/site-packages:${PYTHONPATH} /usr/bin/python3 -W ignore:setup.py install is deprecated -W ignore:easy_install command is deprecated setup.py egg_info --egg-base ../../build/python_topic build --build-base /home/jszr/Software/Ros2/Topic/novel/build/python_topic/build install --record /home/jszr/Software/Ros2/Topic/novel/build/python_topic/install.log --single-version-externally-managed install_data
[0.551s] running egg_info
[0.551s] creating ../../build/python_topic/python_topic.egg-info
[0.552s] writing manifest file '../../build/python_topic/python_topic.egg-info/SOURCES.txt'
[0.553s] writing manifest file '../../build/python_topic/python_topic.egg-info/SOURCES.txt'
[0.553s] running build
[0.553s] running build_py
[0.553s] creating /home/jszr/Software/Ros2/Topic/novel/build/python_topic/build
[0.553s] creating /home/jszr/Software/Ros2/Topic/novel/build/python_topic/build/lib
[0.553s] creating /home/jszr/Software/Ros2/Topic/novel/build/python_topic/build/lib/python_topic
[0.554s] copying python_topic/__init__.py -> /home/jszr/Software/Ros2/Topic/novel/build/python_topic/build/lib/python_topic
[0.554s] running install
[0.555s] running install_lib
[0.555s] creating /home/jszr/Software/Ros2/Topic/novel/install/python_topic/lib/python3.10/site-packages/python_topic
[0.555s] copying /home/jszr/Software/Ros2/Topic/novel/build/python_topic/build/lib/python_topic/__init__.py -> /home/jszr/Software/Ros2/Topic/novel/install/python_topic/lib/python3.10/site-packages/python_topic
[0.555s] byte-compiling /home/jszr/Software/Ros2/Topic/novel/install/python_topic/lib/python3.10/site-packages/python_topic/__init__.py to __init__.cpython-310.pyc
[0.555s] running install_data
[0.556s] creating /home/jszr/Software/Ros2/Topic/novel/install/python_topic/share/ament_index
[0.556s] creating /home/jszr/Software/Ros2/Topic/novel/install/python_topic/share/ament_index/resource_index
[0.556s] creating /home/jszr/Software/Ros2/Topic/novel/install/python_topic/share/ament_index/resource_index/packages
[0.556s] copying resource/python_topic -> /home/jszr/Software/Ros2/Topic/novel/install/python_topic/share/ament_index/resource_index/packages
[0.556s] copying package.xml -> /home/jszr/Software/Ros2/Topic/novel/install/python_topic/share/python_topic
[0.556s] running install_egg_info
[0.557s] Copying ../../build/python_topic/python_topic.egg-info to /home/jszr/Software/Ros2/Topic/novel/install/python_topic/lib/python3.10/site-packages/python_topic-0.0.0-py3.10.egg-info
[0.557s] running install_scripts
[0.570s] writing list of installed files to '/home/jszr/Software/Ros2/Topic/novel/build/python_topic/install.log'
[0.588s] Invoked command in '/home/jszr/Software/Ros2/Topic/novel/src/python_topic' returned '0': PYTHONPATH=/home/jszr/Software/Ros2/Topic/novel/build/python_topic/prefix_override:/usr/lib/python3/dist-packages/colcon_core/task/python/colcon_distutils_commands:/home/jszr/Software/Ros2/Topic/novel/install/python_topic/lib/python3.10/site-packages:${PYTHONPATH} /usr/bin/python3 -W ignore:setup.py install is deprecated -W ignore:easy_install command is deprecated setup.py egg_info --egg-base ../../build/python_topic build --build-base /home/jszr/Software/Ros2/Topic/novel/build/python_topic/build install --record /home/jszr/Software/Ros2/Topic/novel/build/python_topic/install.log --single-version-externally-managed install_data
