[01m[K/home/jszr/Software/Ros2/bag_reader/src/bag_reader/src/bag_reader.cpp:[m[K In function ‘[01m[Kint main(int, char**)[m[K’:
[01m[K/home/jszr/Software/Ros2/bag_reader/src/bag_reader/src/bag_reader.cpp:185:5:[m[K [01;31m[Kerror: [m[K‘[01m[Kstring[m[K’ was not declared in this scope
  185 |     [01;31m[Kstring[m[K innn;
      |     [01;31m[K^~~~~~[m[K
[01m[K/home/jszr/Software/Ros2/bag_reader/src/bag_reader/src/bag_reader.cpp:185:5:[m[K [01;36m[Knote: [m[Ksuggested alternatives:
In file included from [01m[K/usr/include/c++/11/iosfwd:39[m[K,
                 from [01m[K/usr/include/c++/11/bits/shared_ptr.h:52[m[K,
                 from [01m[K/usr/include/c++/11/memory:77[m[K,
                 from [01m[K/opt/ros/humble/include/rclcpp/rclcpp/serialization.hpp:18[m[K,
                 from [01m[K/home/jszr/Software/Ros2/bag_reader/src/bag_reader/src/bag_reader.cpp:1[m[K:
[01m[K/usr/include/c++/11/bits/stringfwd.h:79:33:[m[K [01;36m[Knote: [m[K  ‘[01m[Kstd::string[m[K’
   79 |   typedef basic_string<char>    [01;36m[Kstring[m[K;
      |                                 [01;36m[K^~~~~~[m[K
In file included from [01m[K/usr/include/c++/11/stdexcept:39[m[K,
                 from [01m[K/opt/ros/humble/include/rclcpp/rclcpp/serialization.hpp:19[m[K,
                 from [01m[K/home/jszr/Software/Ros2/bag_reader/src/bag_reader/src/bag_reader.cpp:1[m[K:
[01m[K/usr/include/c++/11/string:67:11:[m[K [01;36m[Knote: [m[K  ‘[01m[Kstd::pmr::string[m[K’
   67 |     using [01;36m[Kstring[m[K    = basic_string<char>;
      |           [01;36m[K^~~~~~[m[K
[01m[K/home/jszr/Software/Ros2/bag_reader/src/bag_reader/src/bag_reader.cpp:186:17:[m[K [01;31m[Kerror: [m[K‘[01m[Kinnn[m[K’ was not declared in this scope
  186 |     std::cin >> [01;31m[Kinnn[m[K;
      |                 [01;31m[K^~~~[m[K
gmake[2]: *** [CMakeFiles/parse_bag.dir/build.make:76：CMakeFiles/parse_bag.dir/src/bag_reader.cpp.o] 错误 1
gmake[1]: *** [CMakeFiles/Makefile2:137：CMakeFiles/parse_bag.dir/all] 错误 2
gmake: *** [Makefile:146：all] 错误 2
