-- Found ament_cmake: 1.3.12 (/opt/ros/humble/share/ament_cmake/cmake)
-- Found rclcpp: 16.0.14 (/opt/ros/humble/share/rclcpp/cmake)
-- Found rosidl_generator_c: 3.1.7 (/opt/ros/humble/share/rosidl_generator_c/cmake)
-- Found rosidl_adapter: 3.1.7 (/opt/ros/humble/share/rosidl_adapter/cmake)
-- Found rosidl_generator_cpp: 3.1.7 (/opt/ros/humble/share/rosidl_generator_cpp/cmake)
-- Using all available rosidl_typesupport_c: rosidl_typesupport_fastrtps_c;rosidl_typesupport_introspection_c
-- Using all available rosidl_typesupport_cpp: rosidl_typesupport_fastrtps_cpp;rosidl_typesupport_introspection_cpp
-- Found rmw_implementation_cmake: 6.1.2 (/opt/ros/humble/share/rmw_implementation_cmake/cmake)
-- Found rmw_fastrtps_cpp: 6.2.8 (/opt/ros/humble/share/rmw_fastrtps_cpp/cmake)
-- Using RMW implementation 'rmw_fastrtps_cpp' as default
-- Found rosbag2_cpp: 0.15.15 (/opt/ros/humble/share/rosbag2_cpp/cmake)
-- Found sensor_msgs: 4.9.0 (/opt/ros/humble/share/sensor_msgs/cmake)
-- Found nav_msgs: 4.9.0 (/opt/ros/humble/share/nav_msgs/cmake)
-- Found tf2_msgs: 0.25.16 (/opt/ros/humble/share/tf2_msgs/cmake)
-- Found cv_bridge: 3.2.1 (/opt/ros/humble/share/cv_bridge/cmake)
-- Found ament_lint_auto: 0.12.14 (/opt/ros/humble/share/ament_lint_auto/cmake)
-- Added test 'cppcheck' to perform static code analysis on C / C++ code
-- Configured cppcheck include dirs: 
-- Configured cppcheck exclude dirs and/or files: 
-- Added test 'lint_cmake' to check CMake code style
-- Added test 'uncrustify' to check C / C++ code style
-- Configured uncrustify additional arguments: 
-- Added test 'xmllint' to check XML markup files
-- Configuring done
-- Generating done
-- Build files have been written to: /home/jszr/Software/Ros2/bag_reader/build/bag_reader
[35m[1mConsolidate compiler generated dependencies of target parse_bag[0m
[ 50%] [32mBuilding CXX object CMakeFiles/parse_bag.dir/src/bag_reader.cpp.o[0m
[01m[K/home/jszr/Software/Ros2/bag_reader/src/bag_reader/src/bag_reader.cpp:[m[K In function ‘[01m[Kint main(int, char**)[m[K’:
[01m[K/home/jszr/Software/Ros2/bag_reader/src/bag_reader/src/bag_reader.cpp:185:5:[m[K [01;31m[Kerror: [m[K‘[01m[Kstring[m[K’ was not declared in this scope
  185 |     [01;31m[Kstring[m[K innn;
      |     [01;31m[K^~~~~~[m[K
[01m[K/home/jszr/Software/Ros2/bag_reader/src/bag_reader/src/bag_reader.cpp:185:5:[m[K [01;36m[Knote: [m[Ksuggested alternatives:
In file included from [01m[K/usr/include/c++/11/iosfwd:39[m[K,
                 from [01m[K/usr/include/c++/11/bits/shared_ptr.h:52[m[K,
                 from [01m[K/usr/include/c++/11/memory:77[m[K,
                 from [01m[K/opt/ros/humble/include/rclcpp/rclcpp/serialization.hpp:18[m[K,
                 from [01m[K/home/jszr/Software/Ros2/bag_reader/src/bag_reader/src/bag_reader.cpp:1[m[K:
[01m[K/usr/include/c++/11/bits/stringfwd.h:79:33:[m[K [01;36m[Knote: [m[K  ‘[01m[Kstd::string[m[K’
   79 |   typedef basic_string<char>    [01;36m[Kstring[m[K;
      |                                 [01;36m[K^~~~~~[m[K
In file included from [01m[K/usr/include/c++/11/stdexcept:39[m[K,
                 from [01m[K/opt/ros/humble/include/rclcpp/rclcpp/serialization.hpp:19[m[K,
                 from [01m[K/home/jszr/Software/Ros2/bag_reader/src/bag_reader/src/bag_reader.cpp:1[m[K:
[01m[K/usr/include/c++/11/string:67:11:[m[K [01;36m[Knote: [m[K  ‘[01m[Kstd::pmr::string[m[K’
   67 |     using [01;36m[Kstring[m[K    = basic_string<char>;
      |           [01;36m[K^~~~~~[m[K
[01m[K/home/jszr/Software/Ros2/bag_reader/src/bag_reader/src/bag_reader.cpp:186:17:[m[K [01;31m[Kerror: [m[K‘[01m[Kinnn[m[K’ was not declared in this scope
  186 |     std::cin >> [01;31m[Kinnn[m[K;
      |                 [01;31m[K^~~~[m[K
gmake[2]: *** [CMakeFiles/parse_bag.dir/build.make:76：CMakeFiles/parse_bag.dir/src/bag_reader.cpp.o] 错误 1
gmake[1]: *** [CMakeFiles/Makefile2:137：CMakeFiles/parse_bag.dir/all] 错误 2
gmake: *** [Makefile:146：all] 错误 2
