[0.010s] Invoking command in '/home/jszr/Software/Ros2/workspace/build/demo_cpp_pkg': CMAKE_PREFIX_PATH=${CMAKE_PREFIX_PATH}:/opt/ros/humble /usr/bin/cmake --build /home/jszr/Software/Ros2/workspace/build/demo_cpp_pkg -- -j18 -l18
[0.029s] -- Found ament_cmake: 1.3.12 (/opt/ros/humble/share/ament_cmake/cmake)
[0.114s] -- Found rclcpp: 16.0.14 (/opt/ros/humble/share/rclcpp/cmake)
[0.131s] -- Found rosidl_generator_c: 3.1.7 (/opt/ros/humble/share/rosidl_generator_c/cmake)
[0.132s] -- Found rosidl_adapter: 3.1.7 (/opt/ros/humble/share/rosidl_adapter/cmake)
[0.135s] -- Found rosidl_generator_cpp: 3.1.7 (/opt/ros/humble/share/rosidl_generator_cpp/cmake)
[0.141s] -- Using all available rosidl_typesupport_c: rosidl_typesupport_fastrtps_c;rosidl_typesupport_introspection_c
[0.148s] -- Using all available rosidl_typesupport_cpp: rosidl_typesupport_fastrtps_cpp;rosidl_typesupport_introspection_cpp
[0.167s] -- Found rmw_implementation_cmake: 6.1.2 (/opt/ros/humble/share/rmw_implementation_cmake/cmake)
[0.167s] -- Found rmw_fastrtps_cpp: 6.2.8 (/opt/ros/humble/share/rmw_fastrtps_cpp/cmake)
[0.228s] -- Using RMW implementation 'rmw_fastrtps_cpp' as default
[0.263s] -- Found ament_lint_auto: 0.12.14 (/opt/ros/humble/share/ament_lint_auto/cmake)
[0.322s] -- Added test 'cppcheck' to perform static code analysis on C / C++ code
[0.322s] -- Configured cppcheck include dirs: 
[0.322s] -- Configured cppcheck exclude dirs and/or files: 
[0.323s] -- Added test 'lint_cmake' to check CMake code style
[0.325s] -- Added test 'uncrustify' to check C / C++ code style
[0.325s] -- Configured uncrustify additional arguments: 
[0.325s] -- Added test 'xmllint' to check XML markup files
[0.326s] -- Configuring done
[0.330s] -- Generating done
[0.332s] -- Build files have been written to: /home/jszr/Software/Ros2/workspace/build/demo_cpp_pkg
[0.355s] [35m[1mConsolidate compiler generated dependencies of target cpp_node[0m
[0.366s] [100%] Built target cpp_node
[0.375s] Invoked command in '/home/jszr/Software/Ros2/workspace/build/demo_cpp_pkg' returned '0': CMAKE_PREFIX_PATH=${CMAKE_PREFIX_PATH}:/opt/ros/humble /usr/bin/cmake --build /home/jszr/Software/Ros2/workspace/build/demo_cpp_pkg -- -j18 -l18
[0.382s] Invoking command in '/home/jszr/Software/Ros2/workspace/build/demo_cpp_pkg': CMAKE_PREFIX_PATH=${CMAKE_PREFIX_PATH}:/opt/ros/humble /usr/bin/cmake --install /home/jszr/Software/Ros2/workspace/build/demo_cpp_pkg
[0.387s] -- Install configuration: ""
[0.387s] -- Up-to-date: /home/jszr/Software/Ros2/workspace/install/demo_cpp_pkg/lib/demo_cpp_pkg/cpp_node
[0.388s] -- Up-to-date: /home/jszr/Software/Ros2/workspace/install/demo_cpp_pkg/share/ament_index/resource_index/package_run_dependencies/demo_cpp_pkg
[0.388s] -- Installing: /home/jszr/Software/Ros2/workspace/install/demo_cpp_pkg/share/ament_index/resource_index/parent_prefix_path/demo_cpp_pkg
[0.388s] -- Up-to-date: /home/jszr/Software/Ros2/workspace/install/demo_cpp_pkg/share/demo_cpp_pkg/environment/ament_prefix_path.sh
[0.388s] -- Installing: /home/jszr/Software/Ros2/workspace/install/demo_cpp_pkg/share/demo_cpp_pkg/environment/ament_prefix_path.dsv
[0.388s] -- Up-to-date: /home/jszr/Software/Ros2/workspace/install/demo_cpp_pkg/share/demo_cpp_pkg/environment/path.sh
[0.388s] -- Installing: /home/jszr/Software/Ros2/workspace/install/demo_cpp_pkg/share/demo_cpp_pkg/environment/path.dsv
[0.388s] -- Up-to-date: /home/jszr/Software/Ros2/workspace/install/demo_cpp_pkg/share/demo_cpp_pkg/local_setup.bash
[0.388s] -- Up-to-date: /home/jszr/Software/Ros2/workspace/install/demo_cpp_pkg/share/demo_cpp_pkg/local_setup.sh
[0.388s] -- Up-to-date: /home/jszr/Software/Ros2/workspace/install/demo_cpp_pkg/share/demo_cpp_pkg/local_setup.zsh
[0.388s] -- Installing: /home/jszr/Software/Ros2/workspace/install/demo_cpp_pkg/share/demo_cpp_pkg/local_setup.dsv
[0.388s] -- Installing: /home/jszr/Software/Ros2/workspace/install/demo_cpp_pkg/share/demo_cpp_pkg/package.dsv
[0.388s] -- Up-to-date: /home/jszr/Software/Ros2/workspace/install/demo_cpp_pkg/share/ament_index/resource_index/packages/demo_cpp_pkg
[0.388s] -- Up-to-date: /home/jszr/Software/Ros2/workspace/install/demo_cpp_pkg/share/demo_cpp_pkg/cmake/demo_cpp_pkgConfig.cmake
[0.388s] -- Up-to-date: /home/jszr/Software/Ros2/workspace/install/demo_cpp_pkg/share/demo_cpp_pkg/cmake/demo_cpp_pkgConfig-version.cmake
[0.388s] -- Up-to-date: /home/jszr/Software/Ros2/workspace/install/demo_cpp_pkg/share/demo_cpp_pkg/package.xml
[0.390s] Invoked command in '/home/jszr/Software/Ros2/workspace/build/demo_cpp_pkg' returned '0': CMAKE_PREFIX_PATH=${CMAKE_PREFIX_PATH}:/opt/ros/humble /usr/bin/cmake --install /home/jszr/Software/Ros2/workspace/build/demo_cpp_pkg
