[0.063s] DEBUG:colcon:Command line arguments: ['/usr/bin/colcon', 'build']
[0.063s] DEBUG:colcon:Parsed command line arguments: Namespace(log_base=None, log_level=None, verb_name='build', build_base='build', install_base='install', merge_install=False, symlink_install=False, test_result_base=None, continue_on_error=False, executor='parallel', parallel_workers=18, event_handlers=None, ignore_user_meta=False, metas=['./colcon.meta'], base_paths=['.'], packages_ignore=None, packages_ignore_regex=None, paths=None, packages_up_to=None, packages_up_to_regex=None, packages_above=None, packages_above_and_dependencies=None, packages_above_depth=None, packages_select_by_dep=None, packages_skip_by_dep=None, packages_skip_up_to=None, packages_select_build_failed=False, packages_skip_build_finished=False, packages_select_test_failures=False, packages_skip_test_passed=False, packages_select=None, packages_skip=None, packages_select_regex=None, packages_skip_regex=None, packages_start=None, packages_end=None, allow_overriding=[], cmake_args=None, cmake_target=None, cmake_target_skip_unavailable=False, cmake_clean_cache=False, cmake_clean_first=False, cmake_force_configure=False, ament_cmake_args=None, catkin_cmake_args=None, catkin_skip_building_tests=False, mixin_files=None, mixin=None, verb_parser=<colcon_mixin.mixin.mixin_argument.MixinArgumentDecorator object at 0x761e18d56590>, verb_extension=<colcon_core.verb.build.BuildVerb object at 0x761e18d56020>, main=<bound method BuildVerb.main of <colcon_core.verb.build.BuildVerb object at 0x761e18d56020>>, mixin_verb=('build',))
[0.170s] Level 1:colcon.colcon_core.package_discovery:discover_packages(colcon_meta) check parameters
[0.170s] Level 1:colcon.colcon_core.package_discovery:discover_packages(recursive) check parameters
[0.170s] Level 1:colcon.colcon_core.package_discovery:discover_packages(ignore) check parameters
[0.170s] Level 1:colcon.colcon_core.package_discovery:discover_packages(path) check parameters
[0.170s] Level 1:colcon.colcon_core.package_discovery:discover_packages(colcon_meta) discover
[0.170s] Level 1:colcon.colcon_core.package_discovery:discover_packages(recursive) discover
[0.170s] INFO:colcon.colcon_core.package_discovery:Crawling recursively for packages in '/home/jszr/Software/Ros2/bag_reader'
[0.170s] Level 1:colcon.colcon_core.package_identification:_identify(.) by extensions ['ignore', 'ignore_ament_install']
[0.170s] Level 1:colcon.colcon_core.package_identification:_identify(.) by extension 'ignore'
[0.170s] Level 1:colcon.colcon_core.package_identification:_identify(.) by extension 'ignore_ament_install'
[0.170s] Level 1:colcon.colcon_core.package_identification:_identify(.) by extensions ['colcon_pkg']
[0.170s] Level 1:colcon.colcon_core.package_identification:_identify(.) by extension 'colcon_pkg'
[0.170s] Level 1:colcon.colcon_core.package_identification:_identify(.) by extensions ['colcon_meta']
[0.170s] Level 1:colcon.colcon_core.package_identification:_identify(.) by extension 'colcon_meta'
[0.170s] Level 1:colcon.colcon_core.package_identification:_identify(.) by extensions ['ros']
[0.170s] Level 1:colcon.colcon_core.package_identification:_identify(.) by extension 'ros'
[0.177s] Level 1:colcon.colcon_core.package_identification:_identify(.) by extensions ['cmake', 'python']
[0.177s] Level 1:colcon.colcon_core.package_identification:_identify(.) by extension 'cmake'
[0.178s] Level 1:colcon.colcon_core.package_identification:_identify(.) by extension 'python'
[0.178s] Level 1:colcon.colcon_core.package_identification:_identify(.) by extensions ['python_setup_py']
[0.178s] Level 1:colcon.colcon_core.package_identification:_identify(.) by extension 'python_setup_py'
[0.178s] Level 1:colcon.colcon_core.package_identification:_identify(--bag_path=) by extensions ['ignore', 'ignore_ament_install']
[0.178s] Level 1:colcon.colcon_core.package_identification:_identify(--bag_path=) by extension 'ignore'
[0.178s] Level 1:colcon.colcon_core.package_identification:_identify(--bag_path=) by extension 'ignore_ament_install'
[0.178s] Level 1:colcon.colcon_core.package_identification:_identify(--bag_path=) by extensions ['colcon_pkg']
[0.178s] Level 1:colcon.colcon_core.package_identification:_identify(--bag_path=) by extension 'colcon_pkg'
[0.178s] Level 1:colcon.colcon_core.package_identification:_identify(--bag_path=) by extensions ['colcon_meta']
[0.178s] Level 1:colcon.colcon_core.package_identification:_identify(--bag_path=) by extension 'colcon_meta'
[0.178s] Level 1:colcon.colcon_core.package_identification:_identify(--bag_path=) by extensions ['ros']
[0.178s] Level 1:colcon.colcon_core.package_identification:_identify(--bag_path=) by extension 'ros'
[0.178s] Level 1:colcon.colcon_core.package_identification:_identify(--bag_path=) by extensions ['cmake', 'python']
[0.178s] Level 1:colcon.colcon_core.package_identification:_identify(--bag_path=) by extension 'cmake'
[0.178s] Level 1:colcon.colcon_core.package_identification:_identify(--bag_path=) by extension 'python'
[0.178s] Level 1:colcon.colcon_core.package_identification:_identify(--bag_path=) by extensions ['python_setup_py']
[0.178s] Level 1:colcon.colcon_core.package_identification:_identify(--bag_path=) by extension 'python_setup_py'
[0.178s] Level 1:colcon.colcon_core.package_identification:_identify(--bag_path=/home) by extensions ['ignore', 'ignore_ament_install']
[0.178s] Level 1:colcon.colcon_core.package_identification:_identify(--bag_path=/home) by extension 'ignore'
[0.178s] Level 1:colcon.colcon_core.package_identification:_identify(--bag_path=/home) by extension 'ignore_ament_install'
[0.178s] Level 1:colcon.colcon_core.package_identification:_identify(--bag_path=/home) by extensions ['colcon_pkg']
[0.178s] Level 1:colcon.colcon_core.package_identification:_identify(--bag_path=/home) by extension 'colcon_pkg'
[0.178s] Level 1:colcon.colcon_core.package_identification:_identify(--bag_path=/home) by extensions ['colcon_meta']
[0.178s] Level 1:colcon.colcon_core.package_identification:_identify(--bag_path=/home) by extension 'colcon_meta'
[0.178s] Level 1:colcon.colcon_core.package_identification:_identify(--bag_path=/home) by extensions ['ros']
[0.178s] Level 1:colcon.colcon_core.package_identification:_identify(--bag_path=/home) by extension 'ros'
[0.178s] Level 1:colcon.colcon_core.package_identification:_identify(--bag_path=/home) by extensions ['cmake', 'python']
[0.178s] Level 1:colcon.colcon_core.package_identification:_identify(--bag_path=/home) by extension 'cmake'
[0.178s] Level 1:colcon.colcon_core.package_identification:_identify(--bag_path=/home) by extension 'python'
[0.178s] Level 1:colcon.colcon_core.package_identification:_identify(--bag_path=/home) by extensions ['python_setup_py']
[0.178s] Level 1:colcon.colcon_core.package_identification:_identify(--bag_path=/home) by extension 'python_setup_py'
[0.178s] Level 1:colcon.colcon_core.package_identification:_identify(--bag_path=/home/jszr) by extensions ['ignore', 'ignore_ament_install']
[0.178s] Level 1:colcon.colcon_core.package_identification:_identify(--bag_path=/home/jszr) by extension 'ignore'
[0.178s] Level 1:colcon.colcon_core.package_identification:_identify(--bag_path=/home/jszr) by extension 'ignore_ament_install'
[0.178s] Level 1:colcon.colcon_core.package_identification:_identify(--bag_path=/home/jszr) by extensions ['colcon_pkg']
[0.178s] Level 1:colcon.colcon_core.package_identification:_identify(--bag_path=/home/jszr) by extension 'colcon_pkg'
[0.179s] Level 1:colcon.colcon_core.package_identification:_identify(--bag_path=/home/jszr) by extensions ['colcon_meta']
[0.179s] Level 1:colcon.colcon_core.package_identification:_identify(--bag_path=/home/jszr) by extension 'colcon_meta'
[0.179s] Level 1:colcon.colcon_core.package_identification:_identify(--bag_path=/home/jszr) by extensions ['ros']
[0.179s] Level 1:colcon.colcon_core.package_identification:_identify(--bag_path=/home/jszr) by extension 'ros'
[0.179s] Level 1:colcon.colcon_core.package_identification:_identify(--bag_path=/home/jszr) by extensions ['cmake', 'python']
[0.179s] Level 1:colcon.colcon_core.package_identification:_identify(--bag_path=/home/jszr) by extension 'cmake'
[0.179s] Level 1:colcon.colcon_core.package_identification:_identify(--bag_path=/home/jszr) by extension 'python'
[0.179s] Level 1:colcon.colcon_core.package_identification:_identify(--bag_path=/home/jszr) by extensions ['python_setup_py']
[0.179s] Level 1:colcon.colcon_core.package_identification:_identify(--bag_path=/home/jszr) by extension 'python_setup_py'
[0.179s] Level 1:colcon.colcon_core.package_identification:_identify(--bag_path=/home/jszr/Data) by extensions ['ignore', 'ignore_ament_install']
[0.179s] Level 1:colcon.colcon_core.package_identification:_identify(--bag_path=/home/jszr/Data) by extension 'ignore'
[0.179s] Level 1:colcon.colcon_core.package_identification:_identify(--bag_path=/home/jszr/Data) by extension 'ignore_ament_install'
[0.179s] Level 1:colcon.colcon_core.package_identification:_identify(--bag_path=/home/jszr/Data) by extensions ['colcon_pkg']
[0.179s] Level 1:colcon.colcon_core.package_identification:_identify(--bag_path=/home/jszr/Data) by extension 'colcon_pkg'
[0.179s] Level 1:colcon.colcon_core.package_identification:_identify(--bag_path=/home/jszr/Data) by extensions ['colcon_meta']
[0.179s] Level 1:colcon.colcon_core.package_identification:_identify(--bag_path=/home/jszr/Data) by extension 'colcon_meta'
[0.179s] Level 1:colcon.colcon_core.package_identification:_identify(--bag_path=/home/jszr/Data) by extensions ['ros']
[0.179s] Level 1:colcon.colcon_core.package_identification:_identify(--bag_path=/home/jszr/Data) by extension 'ros'
[0.179s] Level 1:colcon.colcon_core.package_identification:_identify(--bag_path=/home/jszr/Data) by extensions ['cmake', 'python']
[0.179s] Level 1:colcon.colcon_core.package_identification:_identify(--bag_path=/home/jszr/Data) by extension 'cmake'
[0.179s] Level 1:colcon.colcon_core.package_identification:_identify(--bag_path=/home/jszr/Data) by extension 'python'
[0.179s] Level 1:colcon.colcon_core.package_identification:_identify(--bag_path=/home/jszr/Data) by extensions ['python_setup_py']
[0.179s] Level 1:colcon.colcon_core.package_identification:_identify(--bag_path=/home/jszr/Data) by extension 'python_setup_py'
[0.179s] Level 1:colcon.colcon_core.package_identification:_identify(--bag_path=/home/jszr/Data/SimData) by extensions ['ignore', 'ignore_ament_install']
[0.179s] Level 1:colcon.colcon_core.package_identification:_identify(--bag_path=/home/jszr/Data/SimData) by extension 'ignore'
[0.179s] Level 1:colcon.colcon_core.package_identification:_identify(--bag_path=/home/jszr/Data/SimData) by extension 'ignore_ament_install'
[0.179s] Level 1:colcon.colcon_core.package_identification:_identify(--bag_path=/home/jszr/Data/SimData) by extensions ['colcon_pkg']
[0.179s] Level 1:colcon.colcon_core.package_identification:_identify(--bag_path=/home/jszr/Data/SimData) by extension 'colcon_pkg'
[0.179s] Level 1:colcon.colcon_core.package_identification:_identify(--bag_path=/home/jszr/Data/SimData) by extensions ['colcon_meta']
[0.179s] Level 1:colcon.colcon_core.package_identification:_identify(--bag_path=/home/jszr/Data/SimData) by extension 'colcon_meta'
[0.179s] Level 1:colcon.colcon_core.package_identification:_identify(--bag_path=/home/jszr/Data/SimData) by extensions ['ros']
[0.179s] Level 1:colcon.colcon_core.package_identification:_identify(--bag_path=/home/jszr/Data/SimData) by extension 'ros'
[0.179s] Level 1:colcon.colcon_core.package_identification:_identify(--bag_path=/home/jszr/Data/SimData) by extensions ['cmake', 'python']
[0.179s] Level 1:colcon.colcon_core.package_identification:_identify(--bag_path=/home/jszr/Data/SimData) by extension 'cmake'
[0.179s] Level 1:colcon.colcon_core.package_identification:_identify(--bag_path=/home/jszr/Data/SimData) by extension 'python'
[0.179s] Level 1:colcon.colcon_core.package_identification:_identify(--bag_path=/home/jszr/Data/SimData) by extensions ['python_setup_py']
[0.179s] Level 1:colcon.colcon_core.package_identification:_identify(--bag_path=/home/jszr/Data/SimData) by extension 'python_setup_py'
[0.179s] Level 1:colcon.colcon_core.package_identification:_identify(--bag_path=/home/jszr/Data/SimData/distortion) by extensions ['ignore', 'ignore_ament_install']
[0.179s] Level 1:colcon.colcon_core.package_identification:_identify(--bag_path=/home/jszr/Data/SimData/distortion) by extension 'ignore'
[0.179s] Level 1:colcon.colcon_core.package_identification:_identify(--bag_path=/home/jszr/Data/SimData/distortion) by extension 'ignore_ament_install'
[0.179s] Level 1:colcon.colcon_core.package_identification:_identify(--bag_path=/home/jszr/Data/SimData/distortion) by extensions ['colcon_pkg']
[0.180s] Level 1:colcon.colcon_core.package_identification:_identify(--bag_path=/home/jszr/Data/SimData/distortion) by extension 'colcon_pkg'
[0.180s] Level 1:colcon.colcon_core.package_identification:_identify(--bag_path=/home/jszr/Data/SimData/distortion) by extensions ['colcon_meta']
[0.180s] Level 1:colcon.colcon_core.package_identification:_identify(--bag_path=/home/jszr/Data/SimData/distortion) by extension 'colcon_meta'
[0.180s] Level 1:colcon.colcon_core.package_identification:_identify(--bag_path=/home/jszr/Data/SimData/distortion) by extensions ['ros']
[0.180s] Level 1:colcon.colcon_core.package_identification:_identify(--bag_path=/home/jszr/Data/SimData/distortion) by extension 'ros'
[0.180s] Level 1:colcon.colcon_core.package_identification:_identify(--bag_path=/home/jszr/Data/SimData/distortion) by extensions ['cmake', 'python']
[0.180s] Level 1:colcon.colcon_core.package_identification:_identify(--bag_path=/home/jszr/Data/SimData/distortion) by extension 'cmake'
[0.180s] Level 1:colcon.colcon_core.package_identification:_identify(--bag_path=/home/jszr/Data/SimData/distortion) by extension 'python'
[0.180s] Level 1:colcon.colcon_core.package_identification:_identify(--bag_path=/home/jszr/Data/SimData/distortion) by extensions ['python_setup_py']
[0.180s] Level 1:colcon.colcon_core.package_identification:_identify(--bag_path=/home/jszr/Data/SimData/distortion) by extension 'python_setup_py'
[0.180s] Level 1:colcon.colcon_core.package_identification:_identify(--bag_path=/home/jszr/Data/SimData/distortion/images) by extensions ['ignore', 'ignore_ament_install']
[0.180s] Level 1:colcon.colcon_core.package_identification:_identify(--bag_path=/home/jszr/Data/SimData/distortion/images) by extension 'ignore'
[0.180s] Level 1:colcon.colcon_core.package_identification:_identify(--bag_path=/home/jszr/Data/SimData/distortion/images) by extension 'ignore_ament_install'
[0.180s] Level 1:colcon.colcon_core.package_identification:_identify(--bag_path=/home/jszr/Data/SimData/distortion/images) by extensions ['colcon_pkg']
[0.180s] Level 1:colcon.colcon_core.package_identification:_identify(--bag_path=/home/jszr/Data/SimData/distortion/images) by extension 'colcon_pkg'
[0.180s] Level 1:colcon.colcon_core.package_identification:_identify(--bag_path=/home/jszr/Data/SimData/distortion/images) by extensions ['colcon_meta']
[0.180s] Level 1:colcon.colcon_core.package_identification:_identify(--bag_path=/home/jszr/Data/SimData/distortion/images) by extension 'colcon_meta'
[0.180s] Level 1:colcon.colcon_core.package_identification:_identify(--bag_path=/home/jszr/Data/SimData/distortion/images) by extensions ['ros']
[0.180s] Level 1:colcon.colcon_core.package_identification:_identify(--bag_path=/home/jszr/Data/SimData/distortion/images) by extension 'ros'
[0.180s] Level 1:colcon.colcon_core.package_identification:_identify(--bag_path=/home/jszr/Data/SimData/distortion/images) by extensions ['cmake', 'python']
[0.180s] Level 1:colcon.colcon_core.package_identification:_identify(--bag_path=/home/jszr/Data/SimData/distortion/images) by extension 'cmake'
[0.180s] Level 1:colcon.colcon_core.package_identification:_identify(--bag_path=/home/jszr/Data/SimData/distortion/images) by extension 'python'
[0.180s] Level 1:colcon.colcon_core.package_identification:_identify(--bag_path=/home/jszr/Data/SimData/distortion/images) by extensions ['python_setup_py']
[0.180s] Level 1:colcon.colcon_core.package_identification:_identify(--bag_path=/home/jszr/Data/SimData/distortion/images) by extension 'python_setup_py'
[0.180s] Level 1:colcon.colcon_core.package_identification:_identify(--bag_path=/home/jszr/Data/SimData/distortion/imu) by extensions ['ignore', 'ignore_ament_install']
[0.180s] Level 1:colcon.colcon_core.package_identification:_identify(--bag_path=/home/jszr/Data/SimData/distortion/imu) by extension 'ignore'
[0.180s] Level 1:colcon.colcon_core.package_identification:_identify(--bag_path=/home/jszr/Data/SimData/distortion/imu) by extension 'ignore_ament_install'
[0.180s] Level 1:colcon.colcon_core.package_identification:_identify(--bag_path=/home/jszr/Data/SimData/distortion/imu) by extensions ['colcon_pkg']
[0.180s] Level 1:colcon.colcon_core.package_identification:_identify(--bag_path=/home/jszr/Data/SimData/distortion/imu) by extension 'colcon_pkg'
[0.180s] Level 1:colcon.colcon_core.package_identification:_identify(--bag_path=/home/jszr/Data/SimData/distortion/imu) by extensions ['colcon_meta']
[0.180s] Level 1:colcon.colcon_core.package_identification:_identify(--bag_path=/home/jszr/Data/SimData/distortion/imu) by extension 'colcon_meta'
[0.180s] Level 1:colcon.colcon_core.package_identification:_identify(--bag_path=/home/jszr/Data/SimData/distortion/imu) by extensions ['ros']
[0.180s] Level 1:colcon.colcon_core.package_identification:_identify(--bag_path=/home/jszr/Data/SimData/distortion/imu) by extension 'ros'
[0.180s] Level 1:colcon.colcon_core.package_identification:_identify(--bag_path=/home/jszr/Data/SimData/distortion/imu) by extensions ['cmake', 'python']
[0.180s] Level 1:colcon.colcon_core.package_identification:_identify(--bag_path=/home/jszr/Data/SimData/distortion/imu) by extension 'cmake'
[0.180s] Level 1:colcon.colcon_core.package_identification:_identify(--bag_path=/home/jszr/Data/SimData/distortion/imu) by extension 'python'
[0.180s] Level 1:colcon.colcon_core.package_identification:_identify(--bag_path=/home/jszr/Data/SimData/distortion/imu) by extensions ['python_setup_py']
[0.180s] Level 1:colcon.colcon_core.package_identification:_identify(--bag_path=/home/jszr/Data/SimData/distortion/imu) by extension 'python_setup_py'
[0.180s] Level 1:colcon.colcon_core.package_identification:_identify(--bag_path=/home/jszr/Data/SimData/distortion/odometry) by extensions ['ignore', 'ignore_ament_install']
[0.180s] Level 1:colcon.colcon_core.package_identification:_identify(--bag_path=/home/jszr/Data/SimData/distortion/odometry) by extension 'ignore'
[0.180s] Level 1:colcon.colcon_core.package_identification:_identify(--bag_path=/home/jszr/Data/SimData/distortion/odometry) by extension 'ignore_ament_install'
[0.181s] Level 1:colcon.colcon_core.package_identification:_identify(--bag_path=/home/jszr/Data/SimData/distortion/odometry) by extensions ['colcon_pkg']
[0.181s] Level 1:colcon.colcon_core.package_identification:_identify(--bag_path=/home/jszr/Data/SimData/distortion/odometry) by extension 'colcon_pkg'
[0.181s] Level 1:colcon.colcon_core.package_identification:_identify(--bag_path=/home/jszr/Data/SimData/distortion/odometry) by extensions ['colcon_meta']
[0.181s] Level 1:colcon.colcon_core.package_identification:_identify(--bag_path=/home/jszr/Data/SimData/distortion/odometry) by extension 'colcon_meta'
[0.181s] Level 1:colcon.colcon_core.package_identification:_identify(--bag_path=/home/jszr/Data/SimData/distortion/odometry) by extensions ['ros']
[0.181s] Level 1:colcon.colcon_core.package_identification:_identify(--bag_path=/home/jszr/Data/SimData/distortion/odometry) by extension 'ros'
[0.181s] Level 1:colcon.colcon_core.package_identification:_identify(--bag_path=/home/jszr/Data/SimData/distortion/odometry) by extensions ['cmake', 'python']
[0.181s] Level 1:colcon.colcon_core.package_identification:_identify(--bag_path=/home/jszr/Data/SimData/distortion/odometry) by extension 'cmake'
[0.181s] Level 1:colcon.colcon_core.package_identification:_identify(--bag_path=/home/jszr/Data/SimData/distortion/odometry) by extension 'python'
[0.181s] Level 1:colcon.colcon_core.package_identification:_identify(--bag_path=/home/jszr/Data/SimData/distortion/odometry) by extensions ['python_setup_py']
[0.181s] Level 1:colcon.colcon_core.package_identification:_identify(--bag_path=/home/jszr/Data/SimData/distortion/odometry) by extension 'python_setup_py'
[0.181s] Level 1:colcon.colcon_core.package_identification:_identify(--bag_path=/home/jszr/Data/SimData/distortion/pointclouds) by extensions ['ignore', 'ignore_ament_install']
[0.181s] Level 1:colcon.colcon_core.package_identification:_identify(--bag_path=/home/jszr/Data/SimData/distortion/pointclouds) by extension 'ignore'
[0.181s] Level 1:colcon.colcon_core.package_identification:_identify(--bag_path=/home/jszr/Data/SimData/distortion/pointclouds) by extension 'ignore_ament_install'
[0.181s] Level 1:colcon.colcon_core.package_identification:_identify(--bag_path=/home/jszr/Data/SimData/distortion/pointclouds) by extensions ['colcon_pkg']
[0.181s] Level 1:colcon.colcon_core.package_identification:_identify(--bag_path=/home/jszr/Data/SimData/distortion/pointclouds) by extension 'colcon_pkg'
[0.181s] Level 1:colcon.colcon_core.package_identification:_identify(--bag_path=/home/jszr/Data/SimData/distortion/pointclouds) by extensions ['colcon_meta']
[0.181s] Level 1:colcon.colcon_core.package_identification:_identify(--bag_path=/home/jszr/Data/SimData/distortion/pointclouds) by extension 'colcon_meta'
[0.181s] Level 1:colcon.colcon_core.package_identification:_identify(--bag_path=/home/jszr/Data/SimData/distortion/pointclouds) by extensions ['ros']
[0.181s] Level 1:colcon.colcon_core.package_identification:_identify(--bag_path=/home/jszr/Data/SimData/distortion/pointclouds) by extension 'ros'
[0.181s] Level 1:colcon.colcon_core.package_identification:_identify(--bag_path=/home/jszr/Data/SimData/distortion/pointclouds) by extensions ['cmake', 'python']
[0.181s] Level 1:colcon.colcon_core.package_identification:_identify(--bag_path=/home/jszr/Data/SimData/distortion/pointclouds) by extension 'cmake'
[0.181s] Level 1:colcon.colcon_core.package_identification:_identify(--bag_path=/home/jszr/Data/SimData/distortion/pointclouds) by extension 'python'
[0.181s] Level 1:colcon.colcon_core.package_identification:_identify(--bag_path=/home/jszr/Data/SimData/distortion/pointclouds) by extensions ['python_setup_py']
[0.181s] Level 1:colcon.colcon_core.package_identification:_identify(--bag_path=/home/jszr/Data/SimData/distortion/pointclouds) by extension 'python_setup_py'
[0.181s] Level 1:colcon.colcon_core.package_identification:_identify(build) by extensions ['ignore', 'ignore_ament_install']
[0.181s] Level 1:colcon.colcon_core.package_identification:_identify(build) by extension 'ignore'
[0.181s] Level 1:colcon.colcon_core.package_identification:_identify(build) ignored
[0.181s] Level 1:colcon.colcon_core.package_identification:_identify(install) by extensions ['ignore', 'ignore_ament_install']
[0.181s] Level 1:colcon.colcon_core.package_identification:_identify(install) by extension 'ignore'
[0.181s] Level 1:colcon.colcon_core.package_identification:_identify(install) ignored
[0.181s] Level 1:colcon.colcon_core.package_identification:_identify(log) by extensions ['ignore', 'ignore_ament_install']
[0.181s] Level 1:colcon.colcon_core.package_identification:_identify(log) by extension 'ignore'
[0.181s] Level 1:colcon.colcon_core.package_identification:_identify(log) ignored
[0.181s] Level 1:colcon.colcon_core.package_identification:_identify(src) by extensions ['ignore', 'ignore_ament_install']
[0.181s] Level 1:colcon.colcon_core.package_identification:_identify(src) by extension 'ignore'
[0.182s] Level 1:colcon.colcon_core.package_identification:_identify(src) by extension 'ignore_ament_install'
[0.182s] Level 1:colcon.colcon_core.package_identification:_identify(src) by extensions ['colcon_pkg']
[0.182s] Level 1:colcon.colcon_core.package_identification:_identify(src) by extension 'colcon_pkg'
[0.182s] Level 1:colcon.colcon_core.package_identification:_identify(src) by extensions ['colcon_meta']
[0.182s] Level 1:colcon.colcon_core.package_identification:_identify(src) by extension 'colcon_meta'
[0.182s] Level 1:colcon.colcon_core.package_identification:_identify(src) by extensions ['ros']
[0.182s] Level 1:colcon.colcon_core.package_identification:_identify(src) by extension 'ros'
[0.182s] Level 1:colcon.colcon_core.package_identification:_identify(src) by extensions ['cmake', 'python']
[0.182s] Level 1:colcon.colcon_core.package_identification:_identify(src) by extension 'cmake'
[0.182s] Level 1:colcon.colcon_core.package_identification:_identify(src) by extension 'python'
[0.182s] Level 1:colcon.colcon_core.package_identification:_identify(src) by extensions ['python_setup_py']
[0.182s] Level 1:colcon.colcon_core.package_identification:_identify(src) by extension 'python_setup_py'
[0.182s] Level 1:colcon.colcon_core.package_identification:_identify(src/bag_reader) by extensions ['ignore', 'ignore_ament_install']
[0.182s] Level 1:colcon.colcon_core.package_identification:_identify(src/bag_reader) by extension 'ignore'
[0.182s] Level 1:colcon.colcon_core.package_identification:_identify(src/bag_reader) by extension 'ignore_ament_install'
[0.182s] Level 1:colcon.colcon_core.package_identification:_identify(src/bag_reader) by extensions ['colcon_pkg']
[0.182s] Level 1:colcon.colcon_core.package_identification:_identify(src/bag_reader) by extension 'colcon_pkg'
[0.182s] Level 1:colcon.colcon_core.package_identification:_identify(src/bag_reader) by extensions ['colcon_meta']
[0.182s] Level 1:colcon.colcon_core.package_identification:_identify(src/bag_reader) by extension 'colcon_meta'
[0.182s] Level 1:colcon.colcon_core.package_identification:_identify(src/bag_reader) by extensions ['ros']
[0.182s] Level 1:colcon.colcon_core.package_identification:_identify(src/bag_reader) by extension 'ros'
[0.183s] DEBUG:colcon.colcon_core.package_identification:Package 'src/bag_reader' with type 'ros.ament_cmake' and name 'bag_reader'
[0.183s] Level 1:colcon.colcon_core.package_discovery:discover_packages(recursive) using defaults
[0.184s] Level 1:colcon.colcon_core.package_discovery:discover_packages(ignore) discover
[0.184s] Level 1:colcon.colcon_core.package_discovery:discover_packages(ignore) using defaults
[0.184s] Level 1:colcon.colcon_core.package_discovery:discover_packages(path) discover
[0.184s] Level 1:colcon.colcon_core.package_discovery:discover_packages(path) using defaults
[0.196s] Level 1:colcon.colcon_core.package_discovery:discover_packages(prefix_path) check parameters
[0.196s] Level 1:colcon.colcon_core.package_discovery:discover_packages(prefix_path) discover
[0.197s] WARNING:colcon.colcon_core.prefix_path.colcon:The path '/home/jszr/Software/Ros2/ros_pkg/install' in the environment variable COLCON_PREFIX_PATH doesn't exist
[0.197s] WARNING:colcon.colcon_ros.prefix_path.ament:The path '/home/jszr/Software/Ros2/ros_pkg/install/demo_cpp_pkg' in the environment variable AMENT_PREFIX_PATH doesn't exist
[0.197s] WARNING:colcon.colcon_ros.prefix_path.catkin:The path '/home/jszr/Software/Ros2/ros_pkg/install/demo_cpp_pkg' in the environment variable CMAKE_PREFIX_PATH doesn't exist
[0.197s] DEBUG:colcon.colcon_installed_package_information.package_discovery:Found 1 installed packages in /home/jszr/Software/Ros2/bag_reader/install
[0.198s] DEBUG:colcon.colcon_installed_package_information.package_discovery:Found 1 installed packages in /home/jszr/Software/Ros2/workspace/install
[0.198s] DEBUG:colcon.colcon_installed_package_information.package_discovery:Found 275 installed packages in /opt/ros/humble
[0.199s] Level 1:colcon.colcon_core.package_discovery:discover_packages(prefix_path) using defaults
[0.220s] Level 5:colcon.colcon_core.verb:set package 'bag_reader' build argument 'cmake_args' from command line to 'None'
[0.220s] Level 5:colcon.colcon_core.verb:set package 'bag_reader' build argument 'cmake_target' from command line to 'None'
[0.220s] Level 5:colcon.colcon_core.verb:set package 'bag_reader' build argument 'cmake_target_skip_unavailable' from command line to 'False'
[0.220s] Level 5:colcon.colcon_core.verb:set package 'bag_reader' build argument 'cmake_clean_cache' from command line to 'False'
[0.220s] Level 5:colcon.colcon_core.verb:set package 'bag_reader' build argument 'cmake_clean_first' from command line to 'False'
[0.220s] Level 5:colcon.colcon_core.verb:set package 'bag_reader' build argument 'cmake_force_configure' from command line to 'False'
[0.220s] Level 5:colcon.colcon_core.verb:set package 'bag_reader' build argument 'ament_cmake_args' from command line to 'None'
[0.220s] Level 5:colcon.colcon_core.verb:set package 'bag_reader' build argument 'catkin_cmake_args' from command line to 'None'
[0.220s] Level 5:colcon.colcon_core.verb:set package 'bag_reader' build argument 'catkin_skip_building_tests' from command line to 'False'
[0.220s] DEBUG:colcon.colcon_core.verb:Building package 'bag_reader' with the following arguments: {'ament_cmake_args': None, 'build_base': '/home/jszr/Software/Ros2/bag_reader/build/bag_reader', 'catkin_cmake_args': None, 'catkin_skip_building_tests': False, 'cmake_args': None, 'cmake_clean_cache': False, 'cmake_clean_first': False, 'cmake_force_configure': False, 'cmake_target': None, 'cmake_target_skip_unavailable': False, 'install_base': '/home/jszr/Software/Ros2/bag_reader/install/bag_reader', 'merge_install': False, 'path': '/home/jszr/Software/Ros2/bag_reader/src/bag_reader', 'symlink_install': False, 'test_result_base': None}
[0.220s] INFO:colcon.colcon_core.executor:Executing jobs using 'parallel' executor
[0.221s] DEBUG:colcon.colcon_parallel_executor.executor.parallel:run_until_complete
[0.221s] INFO:colcon.colcon_ros.task.ament_cmake.build:Building ROS package in '/home/jszr/Software/Ros2/bag_reader/src/bag_reader' with build type 'ament_cmake'
[0.221s] INFO:colcon.colcon_cmake.task.cmake.build:Building CMake package in '/home/jszr/Software/Ros2/bag_reader/src/bag_reader'
[0.223s] INFO:colcon.colcon_core.plugin_system:Skipping extension 'colcon_core.shell.bat': Not used on non-Windows systems
[0.223s] INFO:colcon.colcon_core.shell:Skip shell extension 'powershell' for command environment: Not usable outside of PowerShell
[0.223s] DEBUG:colcon.colcon_core.shell:Skip shell extension 'dsv' for command environment
[0.232s] DEBUG:colcon.colcon_core.event_handler.log_command:Invoking command in '/home/jszr/Software/Ros2/bag_reader/build/bag_reader': CMAKE_PREFIX_PATH=${CMAKE_PREFIX_PATH}:/opt/ros/humble /usr/bin/cmake --build /home/jszr/Software/Ros2/bag_reader/build/bag_reader -- -j18 -l18
[2.255s] DEBUG:colcon.colcon_core.event_handler.log_command:Invoked command in '/home/jszr/Software/Ros2/bag_reader/build/bag_reader' returned '0': CMAKE_PREFIX_PATH=${CMAKE_PREFIX_PATH}:/opt/ros/humble /usr/bin/cmake --build /home/jszr/Software/Ros2/bag_reader/build/bag_reader -- -j18 -l18
[2.262s] DEBUG:colcon.colcon_core.event_handler.log_command:Invoking command in '/home/jszr/Software/Ros2/bag_reader/build/bag_reader': CMAKE_PREFIX_PATH=${CMAKE_PREFIX_PATH}:/opt/ros/humble /usr/bin/cmake --install /home/jszr/Software/Ros2/bag_reader/build/bag_reader
[2.269s] Level 1:colcon.colcon_core.environment:create_environment_scripts_only(bag_reader)
[2.270s] DEBUG:colcon.colcon_core.event_handler.log_command:Invoked command in '/home/jszr/Software/Ros2/bag_reader/build/bag_reader' returned '0': CMAKE_PREFIX_PATH=${CMAKE_PREFIX_PATH}:/opt/ros/humble /usr/bin/cmake --install /home/jszr/Software/Ros2/bag_reader/build/bag_reader
[2.271s] Level 1:colcon.colcon_core.environment:checking '/home/jszr/Software/Ros2/bag_reader/install/bag_reader' for CMake module files
[2.271s] Level 1:colcon.colcon_core.environment:checking '/home/jszr/Software/Ros2/bag_reader/install/bag_reader' for CMake config files
[2.271s] Level 1:colcon.colcon_core.shell:create_environment_hook('bag_reader', 'cmake_prefix_path')
[2.271s] INFO:colcon.colcon_core.shell:Creating environment hook '/home/jszr/Software/Ros2/bag_reader/install/bag_reader/share/bag_reader/hook/cmake_prefix_path.ps1'
[2.272s] INFO:colcon.colcon_core.shell:Creating environment descriptor '/home/jszr/Software/Ros2/bag_reader/install/bag_reader/share/bag_reader/hook/cmake_prefix_path.dsv'
[2.272s] INFO:colcon.colcon_core.shell:Creating environment hook '/home/jszr/Software/Ros2/bag_reader/install/bag_reader/share/bag_reader/hook/cmake_prefix_path.sh'
[2.273s] Level 1:colcon.colcon_core.environment:checking '/home/jszr/Software/Ros2/bag_reader/install/bag_reader/lib'
[2.273s] Level 1:colcon.colcon_core.environment:checking '/home/jszr/Software/Ros2/bag_reader/install/bag_reader/bin'
[2.273s] Level 1:colcon.colcon_core.environment:checking '/home/jszr/Software/Ros2/bag_reader/install/bag_reader/lib/pkgconfig/bag_reader.pc'
[2.273s] Level 1:colcon.colcon_core.environment:checking '/home/jszr/Software/Ros2/bag_reader/install/bag_reader/lib/python3.10/site-packages'
[2.273s] Level 1:colcon.colcon_core.environment:checking '/home/jszr/Software/Ros2/bag_reader/install/bag_reader/bin'
[2.273s] INFO:colcon.colcon_core.shell:Creating package script '/home/jszr/Software/Ros2/bag_reader/install/bag_reader/share/bag_reader/package.ps1'
[2.274s] INFO:colcon.colcon_core.shell:Creating package descriptor '/home/jszr/Software/Ros2/bag_reader/install/bag_reader/share/bag_reader/package.dsv'
[2.274s] INFO:colcon.colcon_core.shell:Creating package script '/home/jszr/Software/Ros2/bag_reader/install/bag_reader/share/bag_reader/package.sh'
[2.274s] INFO:colcon.colcon_core.shell:Creating package script '/home/jszr/Software/Ros2/bag_reader/install/bag_reader/share/bag_reader/package.bash'
[2.275s] INFO:colcon.colcon_core.shell:Creating package script '/home/jszr/Software/Ros2/bag_reader/install/bag_reader/share/bag_reader/package.zsh'
[2.275s] Level 1:colcon.colcon_core.environment:create_file_with_runtime_dependencies(/home/jszr/Software/Ros2/bag_reader/install/bag_reader/share/colcon-core/packages/bag_reader)
[2.275s] Level 1:colcon.colcon_core.environment:create_environment_scripts_only(bag_reader)
[2.276s] Level 1:colcon.colcon_core.environment:checking '/home/jszr/Software/Ros2/bag_reader/install/bag_reader' for CMake module files
[2.276s] Level 1:colcon.colcon_core.environment:checking '/home/jszr/Software/Ros2/bag_reader/install/bag_reader' for CMake config files
[2.276s] Level 1:colcon.colcon_core.shell:create_environment_hook('bag_reader', 'cmake_prefix_path')
[2.276s] INFO:colcon.colcon_core.shell:Creating environment hook '/home/jszr/Software/Ros2/bag_reader/install/bag_reader/share/bag_reader/hook/cmake_prefix_path.ps1'
[2.276s] INFO:colcon.colcon_core.shell:Creating environment descriptor '/home/jszr/Software/Ros2/bag_reader/install/bag_reader/share/bag_reader/hook/cmake_prefix_path.dsv'
[2.276s] INFO:colcon.colcon_core.shell:Creating environment hook '/home/jszr/Software/Ros2/bag_reader/install/bag_reader/share/bag_reader/hook/cmake_prefix_path.sh'
[2.277s] Level 1:colcon.colcon_core.environment:checking '/home/jszr/Software/Ros2/bag_reader/install/bag_reader/lib'
[2.277s] Level 1:colcon.colcon_core.environment:checking '/home/jszr/Software/Ros2/bag_reader/install/bag_reader/bin'
[2.277s] Level 1:colcon.colcon_core.environment:checking '/home/jszr/Software/Ros2/bag_reader/install/bag_reader/lib/pkgconfig/bag_reader.pc'
[2.277s] Level 1:colcon.colcon_core.environment:checking '/home/jszr/Software/Ros2/bag_reader/install/bag_reader/lib/python3.10/site-packages'
[2.277s] Level 1:colcon.colcon_core.environment:checking '/home/jszr/Software/Ros2/bag_reader/install/bag_reader/bin'
[2.277s] INFO:colcon.colcon_core.shell:Creating package script '/home/jszr/Software/Ros2/bag_reader/install/bag_reader/share/bag_reader/package.ps1'
[2.277s] INFO:colcon.colcon_core.shell:Creating package descriptor '/home/jszr/Software/Ros2/bag_reader/install/bag_reader/share/bag_reader/package.dsv'
[2.278s] INFO:colcon.colcon_core.shell:Creating package script '/home/jszr/Software/Ros2/bag_reader/install/bag_reader/share/bag_reader/package.sh'
[2.278s] INFO:colcon.colcon_core.shell:Creating package script '/home/jszr/Software/Ros2/bag_reader/install/bag_reader/share/bag_reader/package.bash'
[2.278s] INFO:colcon.colcon_core.shell:Creating package script '/home/jszr/Software/Ros2/bag_reader/install/bag_reader/share/bag_reader/package.zsh'
[2.278s] Level 1:colcon.colcon_core.environment:create_file_with_runtime_dependencies(/home/jszr/Software/Ros2/bag_reader/install/bag_reader/share/colcon-core/packages/bag_reader)
[2.278s] DEBUG:colcon.colcon_parallel_executor.executor.parallel:closing loop
[2.279s] DEBUG:colcon.colcon_parallel_executor.executor.parallel:loop closed
[2.279s] DEBUG:colcon.colcon_parallel_executor.executor.parallel:run_until_complete finished with '0'
[2.279s] DEBUG:colcon.colcon_core.event_reactor:joining thread
[2.282s] INFO:colcon.colcon_core.plugin_system:Skipping extension 'colcon_notification.desktop_notification.terminal_notifier': Not used on non-Darwin systems
[2.282s] INFO:colcon.colcon_core.plugin_system:Skipping extension 'colcon_notification.desktop_notification.win32': Not used on non-Windows systems
[2.282s] INFO:colcon.colcon_notification.desktop_notification:Sending desktop notification using 'notify2'
[2.293s] DEBUG:colcon.colcon_core.event_reactor:joined thread
[2.293s] INFO:colcon.colcon_core.shell:Creating prefix script '/home/jszr/Software/Ros2/bag_reader/install/local_setup.ps1'
[2.294s] INFO:colcon.colcon_core.shell:Creating prefix util module '/home/jszr/Software/Ros2/bag_reader/install/_local_setup_util_ps1.py'
[2.295s] INFO:colcon.colcon_core.shell:Creating prefix chain script '/home/jszr/Software/Ros2/bag_reader/install/setup.ps1'
[2.296s] INFO:colcon.colcon_core.shell:Creating prefix script '/home/jszr/Software/Ros2/bag_reader/install/local_setup.sh'
[2.296s] INFO:colcon.colcon_core.shell:Creating prefix util module '/home/jszr/Software/Ros2/bag_reader/install/_local_setup_util_sh.py'
[2.296s] INFO:colcon.colcon_core.shell:Creating prefix chain script '/home/jszr/Software/Ros2/bag_reader/install/setup.sh'
[2.297s] INFO:colcon.colcon_core.shell:Creating prefix script '/home/jszr/Software/Ros2/bag_reader/install/local_setup.bash'
[2.297s] INFO:colcon.colcon_core.shell:Creating prefix chain script '/home/jszr/Software/Ros2/bag_reader/install/setup.bash'
[2.298s] INFO:colcon.colcon_core.shell:Creating prefix script '/home/jszr/Software/Ros2/bag_reader/install/local_setup.zsh'
[2.298s] INFO:colcon.colcon_core.shell:Creating prefix chain script '/home/jszr/Software/Ros2/bag_reader/install/setup.zsh'
