-- The C compiler identification is GNU 11.4.0
-- The CXX compiler identification is GNU 11.4.0
-- Detecting C compiler ABI info
-- Detecting C compiler ABI info - done
-- Check for working C compiler: /usr/bin/cc - skipped
-- Detecting C compile features
-- Detecting C compile features - done
-- Detecting CXX compiler ABI info
-- Detecting CXX compiler ABI info - done
-- Check for working CXX compiler: /usr/bin/c++ - skipped
-- Detecting CXX compile features
-- Detecting CXX compile features - done
-- Found ament_cmake: 1.3.12 (/opt/ros/humble/share/ament_cmake/cmake)
-- Found Python3: /usr/bin/python3 (found version "3.10.12") found components: Interpreter 
-- Found rclcpp: 16.0.14 (/opt/ros/humble/share/rclcpp/cmake)
-- Found rosidl_generator_c: 3.1.7 (/opt/ros/humble/share/rosidl_generator_c/cmake)
-- Found rosidl_adapter: 3.1.7 (/opt/ros/humble/share/rosidl_adapter/cmake)
-- Found rosidl_generator_cpp: 3.1.7 (/opt/ros/humble/share/rosidl_generator_cpp/cmake)
-- Using all available rosidl_typesupport_c: rosidl_typesupport_fastrtps_c;rosidl_typesupport_introspection_c
-- Using all available rosidl_typesupport_cpp: rosidl_typesupport_fastrtps_cpp;rosidl_typesupport_introspection_cpp
-- Found rmw_implementation_cmake: 6.1.2 (/opt/ros/humble/share/rmw_implementation_cmake/cmake)
-- Found rmw_fastrtps_cpp: 6.2.8 (/opt/ros/humble/share/rmw_fastrtps_cpp/cmake)
-- Found OpenSSL: /usr/lib/x86_64-linux-gnu/libcrypto.so (found version "3.0.2")  
-- Found FastRTPS: /opt/ros/humble/include  
-- Using RMW implementation 'rmw_fastrtps_cpp' as default
-- Looking for pthread.h
-- Looking for pthread.h - found
-- Performing Test CMAKE_HAVE_LIBC_PTHREAD
-- Performing Test CMAKE_HAVE_LIBC_PTHREAD - Success
-- Found Threads: TRUE  
-- Found rosbag2_cpp: 0.15.15 (/opt/ros/humble/share/rosbag2_cpp/cmake)
-- Found sensor_msgs: 4.9.0 (/opt/ros/humble/share/sensor_msgs/cmake)
-- Found nav_msgs: 4.9.0 (/opt/ros/humble/share/nav_msgs/cmake)
-- Found tf2_msgs: 0.25.16 (/opt/ros/humble/share/tf2_msgs/cmake)
-- Found cv_bridge: 3.2.1 (/opt/ros/humble/share/cv_bridge/cmake)
-- Found OpenCV: /usr (found version "4.5.4") 
-- Found ament_lint_auto: 0.12.14 (/opt/ros/humble/share/ament_lint_auto/cmake)
-- Added test 'cppcheck' to perform static code analysis on C / C++ code
-- Configured cppcheck include dirs: 
-- Configured cppcheck exclude dirs and/or files: 
-- Added test 'lint_cmake' to check CMake code style
-- Added test 'uncrustify' to check C / C++ code style
-- Configured uncrustify additional arguments: 
-- Added test 'xmllint' to check XML markup files
-- Configuring done
-- Generating done
-- Build files have been written to: /home/jszr/Software/Ros2/bag_reader/build/bag_reader
[ 50%] [32mBuilding CXX object CMakeFiles/parse_bag.dir/src/bag_reader.cpp.o[0m
[100%] [32m[1mLinking CXX executable parse_bag[0m
[100%] Built target parse_bag
-- Install configuration: ""
-- Installing: /home/jszr/Software/Ros2/bag_reader/install/bag_reader/lib/bag_reader/parse_bag
-- Set runtime path of "/home/jszr/Software/Ros2/bag_reader/install/bag_reader/lib/bag_reader/parse_bag" to ""
-- Installing: /home/jszr/Software/Ros2/bag_reader/install/bag_reader/share/ament_index/resource_index/package_run_dependencies/bag_reader
-- Installing: /home/jszr/Software/Ros2/bag_reader/install/bag_reader/share/ament_index/resource_index/parent_prefix_path/bag_reader
-- Installing: /home/jszr/Software/Ros2/bag_reader/install/bag_reader/share/bag_reader/environment/ament_prefix_path.sh
-- Installing: /home/jszr/Software/Ros2/bag_reader/install/bag_reader/share/bag_reader/environment/ament_prefix_path.dsv
-- Installing: /home/jszr/Software/Ros2/bag_reader/install/bag_reader/share/bag_reader/environment/path.sh
-- Installing: /home/jszr/Software/Ros2/bag_reader/install/bag_reader/share/bag_reader/environment/path.dsv
-- Installing: /home/jszr/Software/Ros2/bag_reader/install/bag_reader/share/bag_reader/local_setup.bash
-- Installing: /home/jszr/Software/Ros2/bag_reader/install/bag_reader/share/bag_reader/local_setup.sh
-- Installing: /home/jszr/Software/Ros2/bag_reader/install/bag_reader/share/bag_reader/local_setup.zsh
-- Installing: /home/jszr/Software/Ros2/bag_reader/install/bag_reader/share/bag_reader/local_setup.dsv
-- Installing: /home/jszr/Software/Ros2/bag_reader/install/bag_reader/share/bag_reader/package.dsv
-- Installing: /home/jszr/Software/Ros2/bag_reader/install/bag_reader/share/ament_index/resource_index/packages/bag_reader
-- Installing: /home/jszr/Software/Ros2/bag_reader/install/bag_reader/share/bag_reader/cmake/bag_readerConfig.cmake
-- Installing: /home/jszr/Software/Ros2/bag_reader/install/bag_reader/share/bag_reader/cmake/bag_readerConfig-version.cmake
-- Installing: /home/jszr/Software/Ros2/bag_reader/install/bag_reader/share/bag_reader/package.xml
