[0.009s] Invoking command in '/home/jszr/Software/Ros2/bag_reader/build/bag_reader': CMAKE_PREFIX_PATH=${CMAKE_PREFIX_PATH}:/opt/ros/humble /usr/bin/cmake /home/jszr/Software/Ros2/bag_reader/src/bag_reader -DCMAKE_INSTALL_PREFIX=/home/jszr/Software/Ros2/bag_reader/install/bag_reader
[0.048s] -- The C compiler identification is GNU 11.4.0
[0.084s] -- The CXX compiler identification is GNU 11.4.0
[0.088s] -- Detecting C compiler ABI info
[0.140s] -- Detecting C compiler ABI info - done
[0.146s] -- Check for working C compiler: /usr/bin/cc - skipped
[0.146s] -- Detecting C compile features
[0.146s] -- Detecting C compile features - done
[0.148s] -- Detecting CXX compiler ABI info
[0.204s] -- Detecting CXX compiler ABI info - done
[0.208s] -- Check for working CXX compiler: /usr/bin/c++ - skipped
[0.208s] -- Detecting CXX compile features
[0.209s] -- Detecting CXX compile features - done
[0.210s] -- Found ament_cmake: 1.3.12 (/opt/ros/humble/share/ament_cmake/cmake)
[0.550s] -- Found Python3: /usr/bin/python3 (found version "3.10.12") found components: Interpreter 
[0.602s] -- Found rclcpp: 16.0.14 (/opt/ros/humble/share/rclcpp/cmake)
[0.624s] -- Found rosidl_generator_c: 3.1.7 (/opt/ros/humble/share/rosidl_generator_c/cmake)
[0.626s] -- Found rosidl_adapter: 3.1.7 (/opt/ros/humble/share/rosidl_adapter/cmake)
[0.630s] -- Found rosidl_generator_cpp: 3.1.7 (/opt/ros/humble/share/rosidl_generator_cpp/cmake)
[0.637s] -- Using all available rosidl_typesupport_c: rosidl_typesupport_fastrtps_c;rosidl_typesupport_introspection_c
[0.645s] -- Using all available rosidl_typesupport_cpp: rosidl_typesupport_fastrtps_cpp;rosidl_typesupport_introspection_cpp
[0.668s] -- Found rmw_implementation_cmake: 6.1.2 (/opt/ros/humble/share/rmw_implementation_cmake/cmake)
[0.669s] -- Found rmw_fastrtps_cpp: 6.2.8 (/opt/ros/humble/share/rmw_fastrtps_cpp/cmake)
[0.734s] -- Found OpenSSL: /usr/lib/x86_64-linux-gnu/libcrypto.so (found version "3.0.2")  
[0.752s] -- Found FastRTPS: /opt/ros/humble/include  
[0.776s] -- Using RMW implementation 'rmw_fastrtps_cpp' as default
[0.780s] -- Looking for pthread.h
[0.837s] -- Looking for pthread.h - found
[0.837s] -- Performing Test CMAKE_HAVE_LIBC_PTHREAD
[0.887s] -- Performing Test CMAKE_HAVE_LIBC_PTHREAD - Success
[0.888s] -- Found Threads: TRUE  
[0.917s] -- Found rosbag2_cpp: 0.15.15 (/opt/ros/humble/share/rosbag2_cpp/cmake)
[0.941s] -- Found sensor_msgs: 4.9.0 (/opt/ros/humble/share/sensor_msgs/cmake)
[0.963s] -- Found nav_msgs: 4.9.0 (/opt/ros/humble/share/nav_msgs/cmake)
[0.975s] -- Found tf2_msgs: 0.25.16 (/opt/ros/humble/share/tf2_msgs/cmake)
[1.006s] -- Found cv_bridge: 3.2.1 (/opt/ros/humble/share/cv_bridge/cmake)
[1.016s] -- Found OpenCV: /usr (found version "4.5.4") 
[1.018s] -- Found ament_lint_auto: 0.12.14 (/opt/ros/humble/share/ament_lint_auto/cmake)
[1.065s] -- Added test 'cppcheck' to perform static code analysis on C / C++ code
[1.065s] -- Configured cppcheck include dirs: 
[1.065s] -- Configured cppcheck exclude dirs and/or files: 
[1.065s] -- Added test 'lint_cmake' to check CMake code style
[1.065s] -- Added test 'uncrustify' to check C / C++ code style
[1.066s] -- Configured uncrustify additional arguments: 
[1.066s] -- Added test 'xmllint' to check XML markup files
[1.066s] -- Configuring done
[1.076s] -- Generating done
[1.079s] -- Build files have been written to: /home/jszr/Software/Ros2/bag_reader/build/bag_reader
[1.087s] Invoked command in '/home/jszr/Software/Ros2/bag_reader/build/bag_reader' returned '0': CMAKE_PREFIX_PATH=${CMAKE_PREFIX_PATH}:/opt/ros/humble /usr/bin/cmake /home/jszr/Software/Ros2/bag_reader/src/bag_reader -DCMAKE_INSTALL_PREFIX=/home/jszr/Software/Ros2/bag_reader/install/bag_reader
[1.089s] Invoking command in '/home/jszr/Software/Ros2/bag_reader/build/bag_reader': CMAKE_PREFIX_PATH=${CMAKE_PREFIX_PATH}:/opt/ros/humble /usr/bin/cmake --build /home/jszr/Software/Ros2/bag_reader/build/bag_reader -- -j18 -l18
[1.128s] [ 50%] [32mBuilding CXX object CMakeFiles/parse_bag.dir/src/bag_reader.cpp.o[0m
[2.800s] [100%] [32m[1mLinking CXX executable parse_bag[0m
[3.066s] [100%] Built target parse_bag
[3.075s] Invoked command in '/home/jszr/Software/Ros2/bag_reader/build/bag_reader' returned '0': CMAKE_PREFIX_PATH=${CMAKE_PREFIX_PATH}:/opt/ros/humble /usr/bin/cmake --build /home/jszr/Software/Ros2/bag_reader/build/bag_reader -- -j18 -l18
[3.083s] Invoking command in '/home/jszr/Software/Ros2/bag_reader/build/bag_reader': CMAKE_PREFIX_PATH=${CMAKE_PREFIX_PATH}:/opt/ros/humble /usr/bin/cmake --install /home/jszr/Software/Ros2/bag_reader/build/bag_reader
[3.088s] -- Install configuration: ""
[3.089s] -- Installing: /home/jszr/Software/Ros2/bag_reader/install/bag_reader/lib/bag_reader/parse_bag
[3.089s] -- Set runtime path of "/home/jszr/Software/Ros2/bag_reader/install/bag_reader/lib/bag_reader/parse_bag" to ""
[3.089s] -- Installing: /home/jszr/Software/Ros2/bag_reader/install/bag_reader/share/ament_index/resource_index/package_run_dependencies/bag_reader
[3.089s] -- Installing: /home/jszr/Software/Ros2/bag_reader/install/bag_reader/share/ament_index/resource_index/parent_prefix_path/bag_reader
[3.089s] -- Installing: /home/jszr/Software/Ros2/bag_reader/install/bag_reader/share/bag_reader/environment/ament_prefix_path.sh
[3.089s] -- Installing: /home/jszr/Software/Ros2/bag_reader/install/bag_reader/share/bag_reader/environment/ament_prefix_path.dsv
[3.089s] -- Installing: /home/jszr/Software/Ros2/bag_reader/install/bag_reader/share/bag_reader/environment/path.sh
[3.090s] -- Installing: /home/jszr/Software/Ros2/bag_reader/install/bag_reader/share/bag_reader/environment/path.dsv
[3.090s] -- Installing: /home/jszr/Software/Ros2/bag_reader/install/bag_reader/share/bag_reader/local_setup.bash
[3.090s] -- Installing: /home/jszr/Software/Ros2/bag_reader/install/bag_reader/share/bag_reader/local_setup.sh
[3.090s] -- Installing: /home/jszr/Software/Ros2/bag_reader/install/bag_reader/share/bag_reader/local_setup.zsh
[3.090s] -- Installing: /home/jszr/Software/Ros2/bag_reader/install/bag_reader/share/bag_reader/local_setup.dsv
[3.090s] -- Installing: /home/jszr/Software/Ros2/bag_reader/install/bag_reader/share/bag_reader/package.dsv
[3.090s] -- Installing: /home/jszr/Software/Ros2/bag_reader/install/bag_reader/share/ament_index/resource_index/packages/bag_reader
[3.090s] -- Installing: /home/jszr/Software/Ros2/bag_reader/install/bag_reader/share/bag_reader/cmake/bag_readerConfig.cmake
[3.090s] -- Installing: /home/jszr/Software/Ros2/bag_reader/install/bag_reader/share/bag_reader/cmake/bag_readerConfig-version.cmake
[3.090s] -- Installing: /home/jszr/Software/Ros2/bag_reader/install/bag_reader/share/bag_reader/package.xml
[3.092s] Invoked command in '/home/jszr/Software/Ros2/bag_reader/build/bag_reader' returned '0': CMAKE_PREFIX_PATH=${CMAKE_PREFIX_PATH}:/opt/ros/humble /usr/bin/cmake --install /home/jszr/Software/Ros2/bag_reader/build/bag_reader
