[0.431s] Invoking command in '/home/jszr/Software/Ros2/Topic/novel/src/python_topic': CONDA_PROMPT_MODIFIER=(autolabel_3.9) PYTHONPATH=/home/jszr/Software/Ros2/Topic/novel/build/python_topic/prefix_override:/usr/lib/python3/dist-packages/colcon_core/task/python/colcon_distutils_commands:/home/jszr/Software/Ros2/Topic/novel/install/python_topic/lib/python3.10/site-packages:${PYTHONPATH} /usr/bin/python3 -W ignore:setup.py install is deprecated -W ignore:easy_install command is deprecated setup.py egg_info --egg-base ../../build/python_topic build --build-base /home/jszr/Software/Ros2/Topic/novel/build/python_topic/build install --record /home/jszr/Software/Ros2/Topic/novel/build/python_topic/install.log --single-version-externally-managed install_data
[0.591s] running egg_info
[0.593s] writing manifest file '../../build/python_topic/python_topic.egg-info/SOURCES.txt'
[0.593s] running build
[0.593s] running build_py
[0.593s] copying python_topic/novel_sub_node.py -> /home/jszr/Software/Ros2/Topic/novel/build/python_topic/build/lib/python_topic
[0.593s] copying python_topic/novel_pub_node.py -> /home/jszr/Software/Ros2/Topic/novel/build/python_topic/build/lib/python_topic
[0.593s] running install
[0.595s] running install_lib
[0.595s] copying /home/jszr/Software/Ros2/Topic/novel/build/python_topic/build/lib/python_topic/novel_sub_node.py -> /home/jszr/Software/Ros2/Topic/novel/install/python_topic/lib/python3.10/site-packages/python_topic
[0.595s] copying /home/jszr/Software/Ros2/Topic/novel/build/python_topic/build/lib/python_topic/novel_pub_node.py -> /home/jszr/Software/Ros2/Topic/novel/install/python_topic/lib/python3.10/site-packages/python_topic
[0.595s] byte-compiling /home/jszr/Software/Ros2/Topic/novel/install/python_topic/lib/python3.10/site-packages/python_topic/novel_sub_node.py to novel_sub_node.cpython-310.pyc
[0.596s] byte-compiling /home/jszr/Software/Ros2/Topic/novel/install/python_topic/lib/python3.10/site-packages/python_topic/novel_pub_node.py to novel_pub_node.cpython-310.pyc
[0.596s] running install_data
[0.596s] running install_egg_info
[0.597s] removing '/home/jszr/Software/Ros2/Topic/novel/install/python_topic/lib/python3.10/site-packages/python_topic-0.0.0-py3.10.egg-info' (and everything under it)
[0.597s] Copying ../../build/python_topic/python_topic.egg-info to /home/jszr/Software/Ros2/Topic/novel/install/python_topic/lib/python3.10/site-packages/python_topic-0.0.0-py3.10.egg-info
[0.598s] running install_scripts
[0.611s] writing list of installed files to '/home/jszr/Software/Ros2/Topic/novel/build/python_topic/install.log'
[0.631s] Invoked command in '/home/jszr/Software/Ros2/Topic/novel/src/python_topic' returned '0': CONDA_PROMPT_MODIFIER=(autolabel_3.9) PYTHONPATH=/home/jszr/Software/Ros2/Topic/novel/build/python_topic/prefix_override:/usr/lib/python3/dist-packages/colcon_core/task/python/colcon_distutils_commands:/home/jszr/Software/Ros2/Topic/novel/install/python_topic/lib/python3.10/site-packages:${PYTHONPATH} /usr/bin/python3 -W ignore:setup.py install is deprecated -W ignore:easy_install command is deprecated setup.py egg_info --egg-base ../../build/python_topic build --build-base /home/jszr/Software/Ros2/Topic/novel/build/python_topic/build install --record /home/jszr/Software/Ros2/Topic/novel/build/python_topic/install.log --single-version-externally-managed install_data
