[0.008s] Invoking command in '/home/jszr/Software/Ros2/workspace/build/demo_cpp_pkg': CMAKE_PREFIX_PATH=${CMAKE_PREFIX_PATH}:/opt/ros/humble /usr/bin/cmake /home/jszr/Software/Ros2/workspace/src/demo_cpp_pkg -DCMAKE_INSTALL_PREFIX=/home/jszr/Software/Ros2/workspace/install/demo_cpp_pkg
[0.054s] -- The C compiler identification is GNU 11.4.0
[0.096s] -- The CXX compiler identification is GNU 11.4.0
[0.102s] -- Detecting C compiler ABI info
[0.155s] -- Detecting C compiler ABI info - done
[0.160s] -- Check for working C compiler: /usr/bin/cc - skipped
[0.161s] -- Detecting C compile features
[0.161s] -- Detecting C compile features - done
[0.162s] -- Detecting CXX compiler ABI info
[0.219s] -- Detecting CXX compiler ABI info - done
[0.224s] -- Check for working CXX compiler: /usr/bin/c++ - skipped
[0.224s] -- Detecting CXX compile features
[0.224s] -- Detecting CXX compile features - done
[0.225s] -- Found ament_cmake: 1.3.12 (/opt/ros/humble/share/ament_cmake/cmake)
[0.570s] -- Found Python3: /usr/bin/python3 (found version "3.10.12") found components: Interpreter 
[0.624s] -- Found rclcpp: 16.0.14 (/opt/ros/humble/share/rclcpp/cmake)
[0.646s] -- Found rosidl_generator_c: 3.1.7 (/opt/ros/humble/share/rosidl_generator_c/cmake)
[0.648s] -- Found rosidl_adapter: 3.1.7 (/opt/ros/humble/share/rosidl_adapter/cmake)
[0.652s] -- Found rosidl_generator_cpp: 3.1.7 (/opt/ros/humble/share/rosidl_generator_cpp/cmake)
[0.658s] -- Using all available rosidl_typesupport_c: rosidl_typesupport_fastrtps_c;rosidl_typesupport_introspection_c
[0.667s] -- Using all available rosidl_typesupport_cpp: rosidl_typesupport_fastrtps_cpp;rosidl_typesupport_introspection_cpp
[0.689s] -- Found rmw_implementation_cmake: 6.1.2 (/opt/ros/humble/share/rmw_implementation_cmake/cmake)
[0.691s] -- Found rmw_fastrtps_cpp: 6.2.8 (/opt/ros/humble/share/rmw_fastrtps_cpp/cmake)
[0.753s] -- Found OpenSSL: /usr/lib/x86_64-linux-gnu/libcrypto.so (found version "3.0.2")  
[0.771s] -- Found FastRTPS: /opt/ros/humble/include  
[0.796s] -- Using RMW implementation 'rmw_fastrtps_cpp' as default
[0.800s] -- Looking for pthread.h
[0.856s] -- Looking for pthread.h - found
[0.856s] -- Performing Test CMAKE_HAVE_LIBC_PTHREAD
[0.910s] -- Performing Test CMAKE_HAVE_LIBC_PTHREAD - Success
[0.911s] -- Found Threads: TRUE  
[0.942s] -- Found ament_lint_auto: 0.12.14 (/opt/ros/humble/share/ament_lint_auto/cmake)
[0.991s] -- Added test 'cppcheck' to perform static code analysis on C / C++ code
[0.991s] -- Configured cppcheck include dirs: 
[0.991s] -- Configured cppcheck exclude dirs and/or files: 
[0.992s] -- Added test 'lint_cmake' to check CMake code style
[0.994s] -- Added test 'uncrustify' to check C / C++ code style
[0.994s] -- Configured uncrustify additional arguments: 
[0.994s] -- Added test 'xmllint' to check XML markup files
[0.995s] -- Configuring done
[1.000s] -- Generating done
[1.002s] -- Build files have been written to: /home/jszr/Software/Ros2/workspace/build/demo_cpp_pkg
[1.010s] Invoked command in '/home/jszr/Software/Ros2/workspace/build/demo_cpp_pkg' returned '0': CMAKE_PREFIX_PATH=${CMAKE_PREFIX_PATH}:/opt/ros/humble /usr/bin/cmake /home/jszr/Software/Ros2/workspace/src/demo_cpp_pkg -DCMAKE_INSTALL_PREFIX=/home/jszr/Software/Ros2/workspace/install/demo_cpp_pkg
[1.012s] Invoking command in '/home/jszr/Software/Ros2/workspace/build/demo_cpp_pkg': CMAKE_PREFIX_PATH=${CMAKE_PREFIX_PATH}:/opt/ros/humble /usr/bin/cmake --build /home/jszr/Software/Ros2/workspace/build/demo_cpp_pkg -- -j18 -l18
[1.052s] [ 50%] [32mBuilding CXX object CMakeFiles/cpp_node.dir/src/cpp_node.cpp.o[0m
[2.801s] [100%] [32m[1mLinking CXX executable cpp_node[0m
[2.877s] [100%] Built target cpp_node
[2.886s] Invoked command in '/home/jszr/Software/Ros2/workspace/build/demo_cpp_pkg' returned '0': CMAKE_PREFIX_PATH=${CMAKE_PREFIX_PATH}:/opt/ros/humble /usr/bin/cmake --build /home/jszr/Software/Ros2/workspace/build/demo_cpp_pkg -- -j18 -l18
[2.894s] Invoking command in '/home/jszr/Software/Ros2/workspace/build/demo_cpp_pkg': CMAKE_PREFIX_PATH=${CMAKE_PREFIX_PATH}:/opt/ros/humble /usr/bin/cmake --install /home/jszr/Software/Ros2/workspace/build/demo_cpp_pkg
[2.898s] -- Install configuration: ""
[2.898s] -- Installing: /home/jszr/Software/Ros2/workspace/install/demo_cpp_pkg/lib/demo_cpp_pkg/cpp_node
[2.898s] -- Set runtime path of "/home/jszr/Software/Ros2/workspace/install/demo_cpp_pkg/lib/demo_cpp_pkg/cpp_node" to ""
[2.898s] -- Installing: /home/jszr/Software/Ros2/workspace/install/demo_cpp_pkg/share/ament_index/resource_index/package_run_dependencies/demo_cpp_pkg
[2.899s] -- Installing: /home/jszr/Software/Ros2/workspace/install/demo_cpp_pkg/share/ament_index/resource_index/parent_prefix_path/demo_cpp_pkg
[2.899s] -- Installing: /home/jszr/Software/Ros2/workspace/install/demo_cpp_pkg/share/demo_cpp_pkg/environment/ament_prefix_path.sh
[2.899s] -- Installing: /home/jszr/Software/Ros2/workspace/install/demo_cpp_pkg/share/demo_cpp_pkg/environment/ament_prefix_path.dsv
[2.899s] -- Installing: /home/jszr/Software/Ros2/workspace/install/demo_cpp_pkg/share/demo_cpp_pkg/environment/path.sh
[2.899s] -- Installing: /home/jszr/Software/Ros2/workspace/install/demo_cpp_pkg/share/demo_cpp_pkg/environment/path.dsv
[2.899s] -- Installing: /home/jszr/Software/Ros2/workspace/install/demo_cpp_pkg/share/demo_cpp_pkg/local_setup.bash
[2.899s] -- Installing: /home/jszr/Software/Ros2/workspace/install/demo_cpp_pkg/share/demo_cpp_pkg/local_setup.sh
[2.899s] -- Installing: /home/jszr/Software/Ros2/workspace/install/demo_cpp_pkg/share/demo_cpp_pkg/local_setup.zsh
[2.899s] -- Installing: /home/jszr/Software/Ros2/workspace/install/demo_cpp_pkg/share/demo_cpp_pkg/local_setup.dsv
[2.899s] -- Installing: /home/jszr/Software/Ros2/workspace/install/demo_cpp_pkg/share/demo_cpp_pkg/package.dsv
[2.899s] -- Installing: /home/jszr/Software/Ros2/workspace/install/demo_cpp_pkg/share/ament_index/resource_index/packages/demo_cpp_pkg
[2.900s] -- Installing: /home/jszr/Software/Ros2/workspace/install/demo_cpp_pkg/share/demo_cpp_pkg/cmake/demo_cpp_pkgConfig.cmake
[2.900s] -- Installing: /home/jszr/Software/Ros2/workspace/install/demo_cpp_pkg/share/demo_cpp_pkg/cmake/demo_cpp_pkgConfig-version.cmake
[2.900s] -- Installing: /home/jszr/Software/Ros2/workspace/install/demo_cpp_pkg/share/demo_cpp_pkg/package.xml
[2.901s] Invoked command in '/home/jszr/Software/Ros2/workspace/build/demo_cpp_pkg' returned '0': CMAKE_PREFIX_PATH=${CMAKE_PREFIX_PATH}:/opt/ros/humble /usr/bin/cmake --install /home/jszr/Software/Ros2/workspace/build/demo_cpp_pkg
